The system is: Darwin - 13.0.0 - i386
Compiling the C compiler identification source file "CMakeCCompilerId.c" succeeded.
Compiler: /usr/bin/cc 
Build flags: 
Id flags: 

The output was:
0


Compilation of the C compiler identification source "CMakeCCompilerId.c" produced "a.out"

The C compiler identification is Clang, found in "/Users/ppeterlo/workspace/gatb-tools/gatb-tools/tools/DiscoSNP/tools/kissreads/build/CMakeFiles/2.8.10/CompilerIdC/a.out"

Compiling the CXX compiler identification source file "CMakeCXXCompilerId.cpp" succeeded.
Compiler: /usr/bin/c++ 
Build flags: 
Id flags: 

The output was:
0


Compilation of the CXX compiler identification source "CMakeCXXCompilerId.cpp" produced "a.out"

The CXX compiler identification is Clang, found in "/Users/ppeterlo/workspace/gatb-tools/gatb-tools/tools/DiscoSNP/tools/kissreads/build/CMakeFiles/2.8.10/CompilerIdCXX/a.out"

Determining if the C compiler works passed with the following output:
Change Dir: /Users/ppeterlo/workspace/gatb-tools/gatb-tools/tools/DiscoSNP/tools/kissreads/build/CMakeFiles/CMakeTmp

Run Build Command:/usr/bin/make "cmTryCompileExec2409773089/fast"
/Applications/Xcode.app/Contents/Developer/usr/bin/make -f CMakeFiles/cmTryCompileExec2409773089.dir/build.make CMakeFiles/cmTryCompileExec2409773089.dir/build
/opt/local/bin/cmake -E cmake_progress_report /Users/ppeterlo/workspace/gatb-tools/gatb-tools/tools/DiscoSNP/tools/kissreads/build/CMakeFiles/CMakeTmp/CMakeFiles 1
Building C object CMakeFiles/cmTryCompileExec2409773089.dir/testCCompiler.c.o
/usr/bin/cc    -o CMakeFiles/cmTryCompileExec2409773089.dir/testCCompiler.c.o   -c /Users/ppeterlo/workspace/gatb-tools/gatb-tools/tools/DiscoSNP/tools/kissreads/build/CMakeFiles/CMakeTmp/testCCompiler.c
Linking C executable cmTryCompileExec2409773089
/opt/local/bin/cmake -E cmake_link_script CMakeFiles/cmTryCompileExec2409773089.dir/link.txt --verbose=1
/usr/bin/cc      -Wl,-search_paths_first -Wl,-headerpad_max_install_names   CMakeFiles/cmTryCompileExec2409773089.dir/testCCompiler.c.o  -o cmTryCompileExec2409773089  


Detecting C compiler ABI info compiled with the following output:
Change Dir: /Users/ppeterlo/workspace/gatb-tools/gatb-tools/tools/DiscoSNP/tools/kissreads/build/CMakeFiles/CMakeTmp

Run Build Command:/usr/bin/make "cmTryCompileExec3543273801/fast"
/Applications/Xcode.app/Contents/Developer/usr/bin/make -f CMakeFiles/cmTryCompileExec3543273801.dir/build.make CMakeFiles/cmTryCompileExec3543273801.dir/build
/opt/local/bin/cmake -E cmake_progress_report /Users/ppeterlo/workspace/gatb-tools/gatb-tools/tools/DiscoSNP/tools/kissreads/build/CMakeFiles/CMakeTmp/CMakeFiles 1
Building C object CMakeFiles/cmTryCompileExec3543273801.dir/CMakeCCompilerABI.c.o
/usr/bin/cc    -o CMakeFiles/cmTryCompileExec3543273801.dir/CMakeCCompilerABI.c.o   -c /opt/local/share/cmake-2.8/Modules/CMakeCCompilerABI.c
Linking C executable cmTryCompileExec3543273801
/opt/local/bin/cmake -E cmake_link_script CMakeFiles/cmTryCompileExec3543273801.dir/link.txt --verbose=1
/usr/bin/cc      -Wl,-search_paths_first -Wl,-headerpad_max_install_names -v CMakeFiles/cmTryCompileExec3543273801.dir/CMakeCCompilerABI.c.o  -o cmTryCompileExec3543273801   
Apple LLVM version 5.0 (clang-500.2.79) (based on LLVM 3.3svn)
Target: x86_64-apple-darwin13.0.0
Thread model: posix
 "/Applications/Xcode.app/Contents/Developer/Toolchains/XcodeDefault.xctoolchain/usr/bin/ld" -demangle -dynamic -arch x86_64 -macosx_version_min 10.9.0 -o cmTryCompileExec3543273801 -search_paths_first -headerpad_max_install_names CMakeFiles/cmTryCompileExec3543273801.dir/CMakeCCompilerABI.c.o -lSystem /Applications/Xcode.app/Contents/Developer/Toolchains/XcodeDefault.xctoolchain/usr/bin/../lib/clang/5.0/lib/darwin/libclang_rt.osx.a


Parsed C implicit link information from above output:
  link line regex: [^( *|.*[/\])(ld|ld|collect2)[^/\]*( |$)]
  ignore line: [Change Dir: /Users/ppeterlo/workspace/gatb-tools/gatb-tools/tools/DiscoSNP/tools/kissreads/build/CMakeFiles/CMakeTmp]
  ignore line: []
  ignore line: [Run Build Command:/usr/bin/make "cmTryCompileExec3543273801/fast"]
  ignore line: [/Applications/Xcode.app/Contents/Developer/usr/bin/make -f CMakeFiles/cmTryCompileExec3543273801.dir/build.make CMakeFiles/cmTryCompileExec3543273801.dir/build]
  ignore line: [/opt/local/bin/cmake -E cmake_progress_report /Users/ppeterlo/workspace/gatb-tools/gatb-tools/tools/DiscoSNP/tools/kissreads/build/CMakeFiles/CMakeTmp/CMakeFiles 1]
  ignore line: [Building C object CMakeFiles/cmTryCompileExec3543273801.dir/CMakeCCompilerABI.c.o]
  ignore line: [/usr/bin/cc    -o CMakeFiles/cmTryCompileExec3543273801.dir/CMakeCCompilerABI.c.o   -c /opt/local/share/cmake-2.8/Modules/CMakeCCompilerABI.c]
  ignore line: [Linking C executable cmTryCompileExec3543273801]
  ignore line: [/opt/local/bin/cmake -E cmake_link_script CMakeFiles/cmTryCompileExec3543273801.dir/link.txt --verbose=1]
  ignore line: [/usr/bin/cc      -Wl,-search_paths_first -Wl,-headerpad_max_install_names -v CMakeFiles/cmTryCompileExec3543273801.dir/CMakeCCompilerABI.c.o  -o cmTryCompileExec3543273801   ]
  ignore line: [Apple LLVM version 5.0 (clang-500.2.79) (based on LLVM 3.3svn)]
  ignore line: [Target: x86_64-apple-darwin13.0.0]
  ignore line: [Thread model: posix]
  link line: [ "/Applications/Xcode.app/Contents/Developer/Toolchains/XcodeDefault.xctoolchain/usr/bin/ld" -demangle -dynamic -arch x86_64 -macosx_version_min 10.9.0 -o cmTryCompileExec3543273801 -search_paths_first -headerpad_max_install_names CMakeFiles/cmTryCompileExec3543273801.dir/CMakeCCompilerABI.c.o -lSystem /Applications/Xcode.app/Contents/Developer/Toolchains/XcodeDefault.xctoolchain/usr/bin/../lib/clang/5.0/lib/darwin/libclang_rt.osx.a]
    arg [/Applications/Xcode.app/Contents/Developer/Toolchains/XcodeDefault.xctoolchain/usr/bin/ld] ==> ignore
    arg [-demangle] ==> ignore
    arg [-dynamic] ==> ignore
    arg [-arch] ==> ignore
    arg [x86_64] ==> ignore
    arg [-macosx_version_min] ==> ignore
    arg [10.9.0] ==> ignore
    arg [-o] ==> ignore
    arg [cmTryCompileExec3543273801] ==> ignore
    arg [-search_paths_first] ==> ignore
    arg [-headerpad_max_install_names] ==> ignore
    arg [CMakeFiles/cmTryCompileExec3543273801.dir/CMakeCCompilerABI.c.o] ==> ignore
    arg [-lSystem] ==> lib [System]
    arg [/Applications/Xcode.app/Contents/Developer/Toolchains/XcodeDefault.xctoolchain/usr/bin/../lib/clang/5.0/lib/darwin/libclang_rt.osx.a] ==> lib [/Applications/Xcode.app/Contents/Developer/Toolchains/XcodeDefault.xctoolchain/usr/bin/../lib/clang/5.0/lib/darwin/libclang_rt.osx.a]
  remove lib [System]
  implicit libs: [/Applications/Xcode.app/Contents/Developer/Toolchains/XcodeDefault.xctoolchain/usr/bin/../lib/clang/5.0/lib/darwin/libclang_rt.osx.a]
  implicit dirs: []


Determining if the CXX compiler works passed with the following output:
Change Dir: /Users/ppeterlo/workspace/gatb-tools/gatb-tools/tools/DiscoSNP/tools/kissreads/build/CMakeFiles/CMakeTmp

Run Build Command:/usr/bin/make "cmTryCompileExec3226400758/fast"
/Applications/Xcode.app/Contents/Developer/usr/bin/make -f CMakeFiles/cmTryCompileExec3226400758.dir/build.make CMakeFiles/cmTryCompileExec3226400758.dir/build
/opt/local/bin/cmake -E cmake_progress_report /Users/ppeterlo/workspace/gatb-tools/gatb-tools/tools/DiscoSNP/tools/kissreads/build/CMakeFiles/CMakeTmp/CMakeFiles 1
Building CXX object CMakeFiles/cmTryCompileExec3226400758.dir/testCXXCompiler.cxx.o
/usr/bin/c++     -o CMakeFiles/cmTryCompileExec3226400758.dir/testCXXCompiler.cxx.o -c /Users/ppeterlo/workspace/gatb-tools/gatb-tools/tools/DiscoSNP/tools/kissreads/build/CMakeFiles/CMakeTmp/testCXXCompiler.cxx
Linking CXX executable cmTryCompileExec3226400758
/opt/local/bin/cmake -E cmake_link_script CMakeFiles/cmTryCompileExec3226400758.dir/link.txt --verbose=1
/usr/bin/c++       -Wl,-search_paths_first -Wl,-headerpad_max_install_names   CMakeFiles/cmTryCompileExec3226400758.dir/testCXXCompiler.cxx.o  -o cmTryCompileExec3226400758  


Detecting CXX compiler ABI info compiled with the following output:
Change Dir: /Users/ppeterlo/workspace/gatb-tools/gatb-tools/tools/DiscoSNP/tools/kissreads/build/CMakeFiles/CMakeTmp

Run Build Command:/usr/bin/make "cmTryCompileExec2198899336/fast"
/Applications/Xcode.app/Contents/Developer/usr/bin/make -f CMakeFiles/cmTryCompileExec2198899336.dir/build.make CMakeFiles/cmTryCompileExec2198899336.dir/build
/opt/local/bin/cmake -E cmake_progress_report /Users/ppeterlo/workspace/gatb-tools/gatb-tools/tools/DiscoSNP/tools/kissreads/build/CMakeFiles/CMakeTmp/CMakeFiles 1
Building CXX object CMakeFiles/cmTryCompileExec2198899336.dir/CMakeCXXCompilerABI.cpp.o
/usr/bin/c++     -o CMakeFiles/cmTryCompileExec2198899336.dir/CMakeCXXCompilerABI.cpp.o -c /opt/local/share/cmake-2.8/Modules/CMakeCXXCompilerABI.cpp
Linking CXX executable cmTryCompileExec2198899336
/opt/local/bin/cmake -E cmake_link_script CMakeFiles/cmTryCompileExec2198899336.dir/link.txt --verbose=1
/usr/bin/c++       -Wl,-search_paths_first -Wl,-headerpad_max_install_names -v CMakeFiles/cmTryCompileExec2198899336.dir/CMakeCXXCompilerABI.cpp.o  -o cmTryCompileExec2198899336   
Apple LLVM version 5.0 (clang-500.2.79) (based on LLVM 3.3svn)
Target: x86_64-apple-darwin13.0.0
Thread model: posix
 "/Applications/Xcode.app/Contents/Developer/Toolchains/XcodeDefault.xctoolchain/usr/bin/ld" -demangle -dynamic -arch x86_64 -macosx_version_min 10.9.0 -o cmTryCompileExec2198899336 -search_paths_first -headerpad_max_install_names CMakeFiles/cmTryCompileExec2198899336.dir/CMakeCXXCompilerABI.cpp.o -lc++ -lSystem /Applications/Xcode.app/Contents/Developer/Toolchains/XcodeDefault.xctoolchain/usr/bin/../lib/clang/5.0/lib/darwin/libclang_rt.osx.a


Parsed CXX implicit link information from above output:
  link line regex: [^( *|.*[/\])(ld|ld|collect2)[^/\]*( |$)]
  ignore line: [Change Dir: /Users/ppeterlo/workspace/gatb-tools/gatb-tools/tools/DiscoSNP/tools/kissreads/build/CMakeFiles/CMakeTmp]
  ignore line: []
  ignore line: [Run Build Command:/usr/bin/make "cmTryCompileExec2198899336/fast"]
  ignore line: [/Applications/Xcode.app/Contents/Developer/usr/bin/make -f CMakeFiles/cmTryCompileExec2198899336.dir/build.make CMakeFiles/cmTryCompileExec2198899336.dir/build]
  ignore line: [/opt/local/bin/cmake -E cmake_progress_report /Users/ppeterlo/workspace/gatb-tools/gatb-tools/tools/DiscoSNP/tools/kissreads/build/CMakeFiles/CMakeTmp/CMakeFiles 1]
  ignore line: [Building CXX object CMakeFiles/cmTryCompileExec2198899336.dir/CMakeCXXCompilerABI.cpp.o]
  ignore line: [/usr/bin/c++     -o CMakeFiles/cmTryCompileExec2198899336.dir/CMakeCXXCompilerABI.cpp.o -c /opt/local/share/cmake-2.8/Modules/CMakeCXXCompilerABI.cpp]
  ignore line: [Linking CXX executable cmTryCompileExec2198899336]
  ignore line: [/opt/local/bin/cmake -E cmake_link_script CMakeFiles/cmTryCompileExec2198899336.dir/link.txt --verbose=1]
  ignore line: [/usr/bin/c++       -Wl,-search_paths_first -Wl,-headerpad_max_install_names -v CMakeFiles/cmTryCompileExec2198899336.dir/CMakeCXXCompilerABI.cpp.o  -o cmTryCompileExec2198899336   ]
  ignore line: [Apple LLVM version 5.0 (clang-500.2.79) (based on LLVM 3.3svn)]
  ignore line: [Target: x86_64-apple-darwin13.0.0]
  ignore line: [Thread model: posix]
  link line: [ "/Applications/Xcode.app/Contents/Developer/Toolchains/XcodeDefault.xctoolchain/usr/bin/ld" -demangle -dynamic -arch x86_64 -macosx_version_min 10.9.0 -o cmTryCompileExec2198899336 -search_paths_first -headerpad_max_install_names CMakeFiles/cmTryCompileExec2198899336.dir/CMakeCXXCompilerABI.cpp.o -lc++ -lSystem /Applications/Xcode.app/Contents/Developer/Toolchains/XcodeDefault.xctoolchain/usr/bin/../lib/clang/5.0/lib/darwin/libclang_rt.osx.a]
    arg [/Applications/Xcode.app/Contents/Developer/Toolchains/XcodeDefault.xctoolchain/usr/bin/ld] ==> ignore
    arg [-demangle] ==> ignore
    arg [-dynamic] ==> ignore
    arg [-arch] ==> ignore
    arg [x86_64] ==> ignore
    arg [-macosx_version_min] ==> ignore
    arg [10.9.0] ==> ignore
    arg [-o] ==> ignore
    arg [cmTryCompileExec2198899336] ==> ignore
    arg [-search_paths_first] ==> ignore
    arg [-headerpad_max_install_names] ==> ignore
    arg [CMakeFiles/cmTryCompileExec2198899336.dir/CMakeCXXCompilerABI.cpp.o] ==> ignore
    arg [-lc++] ==> lib [c++]
    arg [-lSystem] ==> lib [System]
    arg [/Applications/Xcode.app/Contents/Developer/Toolchains/XcodeDefault.xctoolchain/usr/bin/../lib/clang/5.0/lib/darwin/libclang_rt.osx.a] ==> lib [/Applications/Xcode.app/Contents/Developer/Toolchains/XcodeDefault.xctoolchain/usr/bin/../lib/clang/5.0/lib/darwin/libclang_rt.osx.a]
  remove lib [System]
  implicit libs: [c++;/Applications/Xcode.app/Contents/Developer/Toolchains/XcodeDefault.xctoolchain/usr/bin/../lib/clang/5.0/lib/darwin/libclang_rt.osx.a]
  implicit dirs: []


