The system is: Darwin - 13.0.0 - i386
Compiling the C compiler identification source file "CMakeCCompilerId.c" succeeded.
Compiler: /usr/bin/cc 
Build flags: 
Id flags: 

The output was:
0


Compilation of the C compiler identification source "CMakeCCompilerId.c" produced "a.out"

The C compiler identification is Clang, found in "/Users/ppeterlo/workspace/gatb-tools/gatb-tools/tools/DiscoSNP/tools/kissreads2/build/CMakeFiles/2.8.10/CompilerIdC/a.out"

Compiling the CXX compiler identification source file "CMakeCXXCompilerId.cpp" succeeded.
Compiler: /usr/bin/c++ 
Build flags: 
Id flags: 

The output was:
0


Compilation of the CXX compiler identification source "CMakeCXXCompilerId.cpp" produced "a.out"

The CXX compiler identification is Clang, found in "/Users/ppeterlo/workspace/gatb-tools/gatb-tools/tools/DiscoSNP/tools/kissreads2/build/CMakeFiles/2.8.10/CompilerIdCXX/a.out"

Determining if the C compiler works passed with the following output:
Change Dir: /Users/ppeterlo/workspace/gatb-tools/gatb-tools/tools/DiscoSNP/tools/kissreads2/build/CMakeFiles/CMakeTmp

Run Build Command:/usr/bin/make "cmTryCompileExec147267994/fast"
/Applications/Xcode.app/Contents/Developer/usr/bin/make -f CMakeFiles/cmTryCompileExec147267994.dir/build.make CMakeFiles/cmTryCompileExec147267994.dir/build
/opt/local/bin/cmake -E cmake_progress_report /Users/ppeterlo/workspace/gatb-tools/gatb-tools/tools/DiscoSNP/tools/kissreads2/build/CMakeFiles/CMakeTmp/CMakeFiles 1
Building C object CMakeFiles/cmTryCompileExec147267994.dir/testCCompiler.c.o
/usr/bin/cc    -o CMakeFiles/cmTryCompileExec147267994.dir/testCCompiler.c.o   -c /Users/ppeterlo/workspace/gatb-tools/gatb-tools/tools/DiscoSNP/tools/kissreads2/build/CMakeFiles/CMakeTmp/testCCompiler.c
Linking C executable cmTryCompileExec147267994
/opt/local/bin/cmake -E cmake_link_script CMakeFiles/cmTryCompileExec147267994.dir/link.txt --verbose=1
/usr/bin/cc      -Wl,-search_paths_first -Wl,-headerpad_max_install_names   CMakeFiles/cmTryCompileExec147267994.dir/testCCompiler.c.o  -o cmTryCompileExec147267994  


Detecting C compiler ABI info compiled with the following output:
Change Dir: /Users/ppeterlo/workspace/gatb-tools/gatb-tools/tools/DiscoSNP/tools/kissreads2/build/CMakeFiles/CMakeTmp

Run Build Command:/usr/bin/make "cmTryCompileExec2655296425/fast"
/Applications/Xcode.app/Contents/Developer/usr/bin/make -f CMakeFiles/cmTryCompileExec2655296425.dir/build.make CMakeFiles/cmTryCompileExec2655296425.dir/build
/opt/local/bin/cmake -E cmake_progress_report /Users/ppeterlo/workspace/gatb-tools/gatb-tools/tools/DiscoSNP/tools/kissreads2/build/CMakeFiles/CMakeTmp/CMakeFiles 1
Building C object CMakeFiles/cmTryCompileExec2655296425.dir/CMakeCCompilerABI.c.o
/usr/bin/cc    -o CMakeFiles/cmTryCompileExec2655296425.dir/CMakeCCompilerABI.c.o   -c /opt/local/share/cmake-2.8/Modules/CMakeCCompilerABI.c
Linking C executable cmTryCompileExec2655296425
/opt/local/bin/cmake -E cmake_link_script CMakeFiles/cmTryCompileExec2655296425.dir/link.txt --verbose=1
/usr/bin/cc      -Wl,-search_paths_first -Wl,-headerpad_max_install_names -v CMakeFiles/cmTryCompileExec2655296425.dir/CMakeCCompilerABI.c.o  -o cmTryCompileExec2655296425   
Apple LLVM version 5.0 (clang-500.2.79) (based on LLVM 3.3svn)
Target: x86_64-apple-darwin13.0.0
Thread model: posix
 "/Applications/Xcode.app/Contents/Developer/Toolchains/XcodeDefault.xctoolchain/usr/bin/ld" -demangle -dynamic -arch x86_64 -macosx_version_min 10.9.0 -o cmTryCompileExec2655296425 -search_paths_first -headerpad_max_install_names CMakeFiles/cmTryCompileExec2655296425.dir/CMakeCCompilerABI.c.o -lSystem /Applications/Xcode.app/Contents/Developer/Toolchains/XcodeDefault.xctoolchain/usr/bin/../lib/clang/5.0/lib/darwin/libclang_rt.osx.a


Parsed C implicit link information from above output:
  link line regex: [^( *|.*[/\])(ld|ld|collect2)[^/\]*( |$)]
  ignore line: [Change Dir: /Users/ppeterlo/workspace/gatb-tools/gatb-tools/tools/DiscoSNP/tools/kissreads2/build/CMakeFiles/CMakeTmp]
  ignore line: []
  ignore line: [Run Build Command:/usr/bin/make "cmTryCompileExec2655296425/fast"]
  ignore line: [/Applications/Xcode.app/Contents/Developer/usr/bin/make -f CMakeFiles/cmTryCompileExec2655296425.dir/build.make CMakeFiles/cmTryCompileExec2655296425.dir/build]
  ignore line: [/opt/local/bin/cmake -E cmake_progress_report /Users/ppeterlo/workspace/gatb-tools/gatb-tools/tools/DiscoSNP/tools/kissreads2/build/CMakeFiles/CMakeTmp/CMakeFiles 1]
  ignore line: [Building C object CMakeFiles/cmTryCompileExec2655296425.dir/CMakeCCompilerABI.c.o]
  ignore line: [/usr/bin/cc    -o CMakeFiles/cmTryCompileExec2655296425.dir/CMakeCCompilerABI.c.o   -c /opt/local/share/cmake-2.8/Modules/CMakeCCompilerABI.c]
  ignore line: [Linking C executable cmTryCompileExec2655296425]
  ignore line: [/opt/local/bin/cmake -E cmake_link_script CMakeFiles/cmTryCompileExec2655296425.dir/link.txt --verbose=1]
  ignore line: [/usr/bin/cc      -Wl,-search_paths_first -Wl,-headerpad_max_install_names -v CMakeFiles/cmTryCompileExec2655296425.dir/CMakeCCompilerABI.c.o  -o cmTryCompileExec2655296425   ]
  ignore line: [Apple LLVM version 5.0 (clang-500.2.79) (based on LLVM 3.3svn)]
  ignore line: [Target: x86_64-apple-darwin13.0.0]
  ignore line: [Thread model: posix]
  link line: [ "/Applications/Xcode.app/Contents/Developer/Toolchains/XcodeDefault.xctoolchain/usr/bin/ld" -demangle -dynamic -arch x86_64 -macosx_version_min 10.9.0 -o cmTryCompileExec2655296425 -search_paths_first -headerpad_max_install_names CMakeFiles/cmTryCompileExec2655296425.dir/CMakeCCompilerABI.c.o -lSystem /Applications/Xcode.app/Contents/Developer/Toolchains/XcodeDefault.xctoolchain/usr/bin/../lib/clang/5.0/lib/darwin/libclang_rt.osx.a]
    arg [/Applications/Xcode.app/Contents/Developer/Toolchains/XcodeDefault.xctoolchain/usr/bin/ld] ==> ignore
    arg [-demangle] ==> ignore
    arg [-dynamic] ==> ignore
    arg [-arch] ==> ignore
    arg [x86_64] ==> ignore
    arg [-macosx_version_min] ==> ignore
    arg [10.9.0] ==> ignore
    arg [-o] ==> ignore
    arg [cmTryCompileExec2655296425] ==> ignore
    arg [-search_paths_first] ==> ignore
    arg [-headerpad_max_install_names] ==> ignore
    arg [CMakeFiles/cmTryCompileExec2655296425.dir/CMakeCCompilerABI.c.o] ==> ignore
    arg [-lSystem] ==> lib [System]
    arg [/Applications/Xcode.app/Contents/Developer/Toolchains/XcodeDefault.xctoolchain/usr/bin/../lib/clang/5.0/lib/darwin/libclang_rt.osx.a] ==> lib [/Applications/Xcode.app/Contents/Developer/Toolchains/XcodeDefault.xctoolchain/usr/bin/../lib/clang/5.0/lib/darwin/libclang_rt.osx.a]
  remove lib [System]
  implicit libs: [/Applications/Xcode.app/Contents/Developer/Toolchains/XcodeDefault.xctoolchain/usr/bin/../lib/clang/5.0/lib/darwin/libclang_rt.osx.a]
  implicit dirs: []


Determining if the CXX compiler works passed with the following output:
Change Dir: /Users/ppeterlo/workspace/gatb-tools/gatb-tools/tools/DiscoSNP/tools/kissreads2/build/CMakeFiles/CMakeTmp

Run Build Command:/usr/bin/make "cmTryCompileExec3435235460/fast"
/Applications/Xcode.app/Contents/Developer/usr/bin/make -f CMakeFiles/cmTryCompileExec3435235460.dir/build.make CMakeFiles/cmTryCompileExec3435235460.dir/build
/opt/local/bin/cmake -E cmake_progress_report /Users/ppeterlo/workspace/gatb-tools/gatb-tools/tools/DiscoSNP/tools/kissreads2/build/CMakeFiles/CMakeTmp/CMakeFiles 1
Building CXX object CMakeFiles/cmTryCompileExec3435235460.dir/testCXXCompiler.cxx.o
/usr/bin/c++     -o CMakeFiles/cmTryCompileExec3435235460.dir/testCXXCompiler.cxx.o -c /Users/ppeterlo/workspace/gatb-tools/gatb-tools/tools/DiscoSNP/tools/kissreads2/build/CMakeFiles/CMakeTmp/testCXXCompiler.cxx
Linking CXX executable cmTryCompileExec3435235460
/opt/local/bin/cmake -E cmake_link_script CMakeFiles/cmTryCompileExec3435235460.dir/link.txt --verbose=1
/usr/bin/c++       -Wl,-search_paths_first -Wl,-headerpad_max_install_names   CMakeFiles/cmTryCompileExec3435235460.dir/testCXXCompiler.cxx.o  -o cmTryCompileExec3435235460  


Detecting CXX compiler ABI info compiled with the following output:
Change Dir: /Users/ppeterlo/workspace/gatb-tools/gatb-tools/tools/DiscoSNP/tools/kissreads2/build/CMakeFiles/CMakeTmp

Run Build Command:/usr/bin/make "cmTryCompileExec3926231782/fast"
/Applications/Xcode.app/Contents/Developer/usr/bin/make -f CMakeFiles/cmTryCompileExec3926231782.dir/build.make CMakeFiles/cmTryCompileExec3926231782.dir/build
/opt/local/bin/cmake -E cmake_progress_report /Users/ppeterlo/workspace/gatb-tools/gatb-tools/tools/DiscoSNP/tools/kissreads2/build/CMakeFiles/CMakeTmp/CMakeFiles 1
Building CXX object CMakeFiles/cmTryCompileExec3926231782.dir/CMakeCXXCompilerABI.cpp.o
/usr/bin/c++     -o CMakeFiles/cmTryCompileExec3926231782.dir/CMakeCXXCompilerABI.cpp.o -c /opt/local/share/cmake-2.8/Modules/CMakeCXXCompilerABI.cpp
Linking CXX executable cmTryCompileExec3926231782
/opt/local/bin/cmake -E cmake_link_script CMakeFiles/cmTryCompileExec3926231782.dir/link.txt --verbose=1
/usr/bin/c++       -Wl,-search_paths_first -Wl,-headerpad_max_install_names -v CMakeFiles/cmTryCompileExec3926231782.dir/CMakeCXXCompilerABI.cpp.o  -o cmTryCompileExec3926231782   
Apple LLVM version 5.0 (clang-500.2.79) (based on LLVM 3.3svn)
Target: x86_64-apple-darwin13.0.0
Thread model: posix
 "/Applications/Xcode.app/Contents/Developer/Toolchains/XcodeDefault.xctoolchain/usr/bin/ld" -demangle -dynamic -arch x86_64 -macosx_version_min 10.9.0 -o cmTryCompileExec3926231782 -search_paths_first -headerpad_max_install_names CMakeFiles/cmTryCompileExec3926231782.dir/CMakeCXXCompilerABI.cpp.o -lc++ -lSystem /Applications/Xcode.app/Contents/Developer/Toolchains/XcodeDefault.xctoolchain/usr/bin/../lib/clang/5.0/lib/darwin/libclang_rt.osx.a


Parsed CXX implicit link information from above output:
  link line regex: [^( *|.*[/\])(ld|ld|collect2)[^/\]*( |$)]
  ignore line: [Change Dir: /Users/ppeterlo/workspace/gatb-tools/gatb-tools/tools/DiscoSNP/tools/kissreads2/build/CMakeFiles/CMakeTmp]
  ignore line: []
  ignore line: [Run Build Command:/usr/bin/make "cmTryCompileExec3926231782/fast"]
  ignore line: [/Applications/Xcode.app/Contents/Developer/usr/bin/make -f CMakeFiles/cmTryCompileExec3926231782.dir/build.make CMakeFiles/cmTryCompileExec3926231782.dir/build]
  ignore line: [/opt/local/bin/cmake -E cmake_progress_report /Users/ppeterlo/workspace/gatb-tools/gatb-tools/tools/DiscoSNP/tools/kissreads2/build/CMakeFiles/CMakeTmp/CMakeFiles 1]
  ignore line: [Building CXX object CMakeFiles/cmTryCompileExec3926231782.dir/CMakeCXXCompilerABI.cpp.o]
  ignore line: [/usr/bin/c++     -o CMakeFiles/cmTryCompileExec3926231782.dir/CMakeCXXCompilerABI.cpp.o -c /opt/local/share/cmake-2.8/Modules/CMakeCXXCompilerABI.cpp]
  ignore line: [Linking CXX executable cmTryCompileExec3926231782]
  ignore line: [/opt/local/bin/cmake -E cmake_link_script CMakeFiles/cmTryCompileExec3926231782.dir/link.txt --verbose=1]
  ignore line: [/usr/bin/c++       -Wl,-search_paths_first -Wl,-headerpad_max_install_names -v CMakeFiles/cmTryCompileExec3926231782.dir/CMakeCXXCompilerABI.cpp.o  -o cmTryCompileExec3926231782   ]
  ignore line: [Apple LLVM version 5.0 (clang-500.2.79) (based on LLVM 3.3svn)]
  ignore line: [Target: x86_64-apple-darwin13.0.0]
  ignore line: [Thread model: posix]
  link line: [ "/Applications/Xcode.app/Contents/Developer/Toolchains/XcodeDefault.xctoolchain/usr/bin/ld" -demangle -dynamic -arch x86_64 -macosx_version_min 10.9.0 -o cmTryCompileExec3926231782 -search_paths_first -headerpad_max_install_names CMakeFiles/cmTryCompileExec3926231782.dir/CMakeCXXCompilerABI.cpp.o -lc++ -lSystem /Applications/Xcode.app/Contents/Developer/Toolchains/XcodeDefault.xctoolchain/usr/bin/../lib/clang/5.0/lib/darwin/libclang_rt.osx.a]
    arg [/Applications/Xcode.app/Contents/Developer/Toolchains/XcodeDefault.xctoolchain/usr/bin/ld] ==> ignore
    arg [-demangle] ==> ignore
    arg [-dynamic] ==> ignore
    arg [-arch] ==> ignore
    arg [x86_64] ==> ignore
    arg [-macosx_version_min] ==> ignore
    arg [10.9.0] ==> ignore
    arg [-o] ==> ignore
    arg [cmTryCompileExec3926231782] ==> ignore
    arg [-search_paths_first] ==> ignore
    arg [-headerpad_max_install_names] ==> ignore
    arg [CMakeFiles/cmTryCompileExec3926231782.dir/CMakeCXXCompilerABI.cpp.o] ==> ignore
    arg [-lc++] ==> lib [c++]
    arg [-lSystem] ==> lib [System]
    arg [/Applications/Xcode.app/Contents/Developer/Toolchains/XcodeDefault.xctoolchain/usr/bin/../lib/clang/5.0/lib/darwin/libclang_rt.osx.a] ==> lib [/Applications/Xcode.app/Contents/Developer/Toolchains/XcodeDefault.xctoolchain/usr/bin/../lib/clang/5.0/lib/darwin/libclang_rt.osx.a]
  remove lib [System]
  implicit libs: [c++;/Applications/Xcode.app/Contents/Developer/Toolchains/XcodeDefault.xctoolchain/usr/bin/../lib/clang/5.0/lib/darwin/libclang_rt.osx.a]
  implicit dirs: []


